  FileName1.c
C:\Users\jacks\OneDrive - Atlantic TU\ATU Galway 2023 -2024\Procedural Programming\PhatTanNguyen G00425232\FileName1.c(255,58): warning C4047: '=': 'char' differs in levels of indirection from 'char [6]'
C:\Users\jacks\OneDrive - Atlantic TU\ATU Galway 2023 -2024\Procedural Programming\PhatTanNguyen G00425232\FileName1.c(304,59): warning C4047: '=': 'char' differs in levels of indirection from 'char [6]'
C:\Users\jacks\OneDrive - Atlantic TU\ATU Galway 2023 -2024\Procedural Programming\PhatTanNguyen G00425232\FileName1.c(359,29): warning C4098: 'main': 'void' function returning a value
C:\Users\jacks\OneDrive - Atlantic TU\ATU Galway 2023 -2024\Procedural Programming\PhatTanNguyen G00425232\FileName1.c(372,75): warning C4047: 'function': 'int (*)[20]' differs in levels of indirection from 'int [20]'
C:\Users\jacks\OneDrive - Atlantic TU\ATU Galway 2023 -2024\Procedural Programming\PhatTanNguyen G00425232\FileName1.c(372,75): warning C4024: 'loadGame': different types for formal and actual parameter 3
C:\Users\jacks\OneDrive - Atlantic TU\ATU Galway 2023 -2024\Procedural Programming\PhatTanNguyen G00425232\FileName1.c(372,94): warning C4047: 'function': 'char (*)[20]' differs in levels of indirection from 'int [20]'
C:\Users\jacks\OneDrive - Atlantic TU\ATU Galway 2023 -2024\Procedural Programming\PhatTanNguyen G00425232\FileName1.c(372,94): warning C4024: 'loadGame': different types for formal and actual parameter 4
C:\Users\jacks\OneDrive - Atlantic TU\ATU Galway 2023 -2024\Procedural Programming\PhatTanNguyen G00425232\FileName1.c(372,141): warning C4047: 'function': 'char (*)[20]' differs in levels of indirection from 'char [20]'
C:\Users\jacks\OneDrive - Atlantic TU\ATU Galway 2023 -2024\Procedural Programming\PhatTanNguyen G00425232\FileName1.c(372,141): warning C4024: 'loadGame': different types for formal and actual parameter 7
C:\Users\jacks\OneDrive - Atlantic TU\ATU Galway 2023 -2024\Procedural Programming\PhatTanNguyen G00425232\FileName1.c(391,25): warning C4098: 'main': 'void' function returning a value
C:\Users\jacks\OneDrive - Atlantic TU\ATU Galway 2023 -2024\Procedural Programming\PhatTanNguyen G00425232\FileName1.c(69,25): warning C4996: 'scanf': This function or variable may be unsafe. Consider using scanf_s instead. To disable deprecation, use _CRT_SECURE_NO_WARNINGS. See online help for details.
C:\Users\jacks\OneDrive - Atlantic TU\ATU Galway 2023 -2024\Procedural Programming\PhatTanNguyen G00425232\FileName1.c(72,33): warning C4996: 'fopen': This function or variable may be unsafe. Consider using fopen_s instead. To disable deprecation, use _CRT_SECURE_NO_WARNINGS. See online help for details.
C:\Users\jacks\OneDrive - Atlantic TU\ATU Galway 2023 -2024\Procedural Programming\PhatTanNguyen G00425232\FileName1.c(81,29): warning C4996: 'scanf': This function or variable may be unsafe. Consider using scanf_s instead. To disable deprecation, use _CRT_SECURE_NO_WARNINGS. See online help for details.
C:\Users\jacks\OneDrive - Atlantic TU\ATU Galway 2023 -2024\Procedural Programming\PhatTanNguyen G00425232\FileName1.c(87,29): warning C4996: 'scanf': This function or variable may be unsafe. Consider using scanf_s instead. To disable deprecation, use _CRT_SECURE_NO_WARNINGS. See online help for details.
C:\Users\jacks\OneDrive - Atlantic TU\ATU Galway 2023 -2024\Procedural Programming\PhatTanNguyen G00425232\FileName1.c(95,25): warning C4996: 'scanf': This function or variable may be unsafe. Consider using scanf_s instead. To disable deprecation, use _CRT_SECURE_NO_WARNINGS. See online help for details.
C:\Users\jacks\OneDrive - Atlantic TU\ATU Galway 2023 -2024\Procedural Programming\PhatTanNguyen G00425232\FileName1.c(161,21): warning C4996: 'scanf': This function or variable may be unsafe. Consider using scanf_s instead. To disable deprecation, use _CRT_SECURE_NO_WARNINGS. See online help for details.
C:\Users\jacks\OneDrive - Atlantic TU\ATU Galway 2023 -2024\Procedural Programming\PhatTanNguyen G00425232\FileName1.c(196,37): warning C4996: 'scanf': This function or variable may be unsafe. Consider using scanf_s instead. To disable deprecation, use _CRT_SECURE_NO_WARNINGS. See online help for details.
C:\Users\jacks\OneDrive - Atlantic TU\ATU Galway 2023 -2024\Procedural Programming\PhatTanNguyen G00425232\FileName1.c(208,37): warning C4996: 'scanf': This function or variable may be unsafe. Consider using scanf_s instead. To disable deprecation, use _CRT_SECURE_NO_WARNINGS. See online help for details.
C:\Users\jacks\OneDrive - Atlantic TU\ATU Galway 2023 -2024\Procedural Programming\PhatTanNguyen G00425232\FileName1.c(232,33): warning C4996: 'scanf': This function or variable may be unsafe. Consider using scanf_s instead. To disable deprecation, use _CRT_SECURE_NO_WARNINGS. See online help for details.
C:\Users\jacks\OneDrive - Atlantic TU\ATU Galway 2023 -2024\Procedural Programming\PhatTanNguyen G00425232\FileName1.c(261,45): warning C4996: 'scanf': This function or variable may be unsafe. Consider using scanf_s instead. To disable deprecation, use _CRT_SECURE_NO_WARNINGS. See online help for details.
C:\Users\jacks\OneDrive - Atlantic TU\ATU Galway 2023 -2024\Procedural Programming\PhatTanNguyen G00425232\FileName1.c(281,33): warning C4996: 'scanf': This function or variable may be unsafe. Consider using scanf_s instead. To disable deprecation, use _CRT_SECURE_NO_WARNINGS. See online help for details.
C:\Users\jacks\OneDrive - Atlantic TU\ATU Galway 2023 -2024\Procedural Programming\PhatTanNguyen G00425232\FileName1.c(310,45): warning C4996: 'scanf': This function or variable may be unsafe. Consider using scanf_s instead. To disable deprecation, use _CRT_SECURE_NO_WARNINGS. See online help for details.
C:\Users\jacks\OneDrive - Atlantic TU\ATU Galway 2023 -2024\Procedural Programming\PhatTanNguyen G00425232\FileName1.c(330,21): warning C4996: 'scanf': This function or variable may be unsafe. Consider using scanf_s instead. To disable deprecation, use _CRT_SECURE_NO_WARNINGS. See online help for details.
C:\Users\jacks\OneDrive - Atlantic TU\ATU Galway 2023 -2024\Procedural Programming\PhatTanNguyen G00425232\FileName1.c(336,29): warning C4996: 'sprintf': This function or variable may be unsafe. Consider using sprintf_s instead. To disable deprecation, use _CRT_SECURE_NO_WARNINGS. See online help for details.
C:\Users\jacks\OneDrive - Atlantic TU\ATU Galway 2023 -2024\Procedural Programming\PhatTanNguyen G00425232\FileName1.c(337,42): warning C4996: 'fopen': This function or variable may be unsafe. Consider using fopen_s instead. To disable deprecation, use _CRT_SECURE_NO_WARNINGS. See online help for details.
C:\Users\jacks\OneDrive - Atlantic TU\ATU Galway 2023 -2024\Procedural Programming\PhatTanNguyen G00425232\FileName1.c(354,25): warning C4996: 'scanf': This function or variable may be unsafe. Consider using scanf_s instead. To disable deprecation, use _CRT_SECURE_NO_WARNINGS. See online help for details.
C:\Users\jacks\OneDrive - Atlantic TU\ATU Galway 2023 -2024\Procedural Programming\PhatTanNguyen G00425232\FileName1.c(371,33): warning C4996: 'sprintf': This function or variable may be unsafe. Consider using sprintf_s instead. To disable deprecation, use _CRT_SECURE_NO_WARNINGS. See online help for details.
C:\Users\jacks\OneDrive - Atlantic TU\ATU Galway 2023 -2024\Procedural Programming\PhatTanNguyen G00425232\FileName1.c(445,9): warning C4996: 'scanf': This function or variable may be unsafe. Consider using scanf_s instead. To disable deprecation, use _CRT_SECURE_NO_WARNINGS. See online help for details.
C:\Users\jacks\OneDrive - Atlantic TU\ATU Galway 2023 -2024\Procedural Programming\PhatTanNguyen G00425232\FileName1.c(35,10): warning C4101: 'burst': unreferenced local variable
C:\Users\jacks\OneDrive - Atlantic TU\ATU Galway 2023 -2024\Procedural Programming\PhatTanNguyen G00425232\FileName1.c(23,10): warning C4101: 'renew': unreferenced local variable
C:\Users\jacks\OneDrive - Atlantic TU\ATU Galway 2023 -2024\Procedural Programming\PhatTanNguyen G00425232\FileName1.c(472,18): warning C4996: 'fopen': This function or variable may be unsafe. Consider using fopen_s instead. To disable deprecation, use _CRT_SECURE_NO_WARNINGS. See online help for details.
C:\Users\jacks\OneDrive - Atlantic TU\ATU Galway 2023 -2024\Procedural Programming\PhatTanNguyen G00425232\FileName1.c(480,5): warning C4996: 'fscanf': This function or variable may be unsafe. Consider using fscanf_s instead. To disable deprecation, use _CRT_SECURE_NO_WARNINGS. See online help for details.
C:\Users\jacks\OneDrive - Atlantic TU\ATU Galway 2023 -2024\Procedural Programming\PhatTanNguyen G00425232\FileName1.c(484,9): warning C4996: 'fscanf': This function or variable may be unsafe. Consider using fscanf_s instead. To disable deprecation, use _CRT_SECURE_NO_WARNINGS. See online help for details.
C:\Users\jacks\OneDrive - Atlantic TU\ATU Galway 2023 -2024\Procedural Programming\PhatTanNguyen G00425232\FileName1.c(486,9): warning C4996: 'fscanf': This function or variable may be unsafe. Consider using fscanf_s instead. To disable deprecation, use _CRT_SECURE_NO_WARNINGS. See online help for details.
C:\Users\jacks\OneDrive - Atlantic TU\ATU Galway 2023 -2024\Procedural Programming\PhatTanNguyen G00425232\FileName1.c(489,13): warning C4996: 'fscanf': This function or variable may be unsafe. Consider using fscanf_s instead. To disable deprecation, use _CRT_SECURE_NO_WARNINGS. See online help for details.
C:\Users\jacks\OneDrive - Atlantic TU\ATU Galway 2023 -2024\Procedural Programming\PhatTanNguyen G00425232\FileName1.c(493,13): warning C4996: 'fscanf': This function or variable may be unsafe. Consider using fscanf_s instead. To disable deprecation, use _CRT_SECURE_NO_WARNINGS. See online help for details.
C:\Users\jacks\OneDrive - Atlantic TU\ATU Galway 2023 -2024\Procedural Programming\PhatTanNguyen G00425232\FileName1.c(496,9): warning C4996: 'fscanf': This function or variable may be unsafe. Consider using fscanf_s instead. To disable deprecation, use _CRT_SECURE_NO_WARNINGS. See online help for details.
  PhatTanNguyen G00425232.vcxproj -> C:\Users\jacks\OneDrive - Atlantic TU\ATU Galway 2023 -2024\Procedural Programming\PhatTanNguyen G00425232\x64\Debug\PhatTanNguyen G00425232.exe
